<?xml version="1.0" encoding="UTF-8"?>
<!-- Generated by org.testng.reporters.JUnitXMLReporter -->
<testsuite ignored="0" hostname="LAPTOP-QBTCVFMP" failures="0" tests="10" name="Default test" time="125.152" errors="0" timestamp="2022-08-22T22:15:31 WIB">
  <testcase classname="com.juaracoding.demo.TestDemo" name="myAcc" time="1.825"/>
  <testcase classname="com.juaracoding.demo.TestDemo" name="Regis" time="8.142"/>
  <testcase classname="com.juaracoding.demo.TestDemo" name="Login" time="9.786"/>
  <testcase classname="com.juaracoding.demo.TestDemo" name="cariWishList1" time="15.392"/>
  <testcase classname="com.juaracoding.demo.TestDemo" name="cariWishList2" time="16.986"/>
  <testcase classname="com.juaracoding.demo.TestDemo" name="MyWishList" time="6.474"/>
  <testcase classname="com.juaracoding.demo.TestDemo" name="MyWishList2" time="12.079"/>
  <testcase classname="com.juaracoding.demo.TestDemo" name="ShowCart" time="13.072"/>
  <testcase classname="com.juaracoding.demo.TestDemo" name="CheckOut" time="9.798"/>
  <testcase classname="com.juaracoding.demo.TestDemo" name="LogOut" time="8.418"/>
</testsuite> <!-- Default test -->
